[INFO] Scanning for projects...
[INFO] 
[INFO] -----------------------< com.example:ai-seckill >-----------------------
[INFO] Building ai-seckill 0.0.1-SNAPSHOT
[INFO] --------------------------------[ jar ]---------------------------------
[INFO] 
[INFO] >>> spring-boot-maven-plugin:3.2.5:run (default-cli) > test-compile @ ai-seckill >>>
[INFO] 
[INFO] --- maven-resources-plugin:3.3.1:resources (default-resources) @ ai-seckill ---
[INFO] Copying 2 resources from src\main\resources to target\classes
[INFO] Copying 1 resource from src\main\resources to target\classes
[INFO] 
[INFO] --- maven-compiler-plugin:3.11.0:compile (default-compile) @ ai-seckill ---
[INFO] Nothing to compile - all classes are up to date
[INFO] 
[INFO] --- maven-resources-plugin:3.3.1:testResources (default-testResources) @ ai-seckill ---
[INFO] skip non existing resourceDirectory D:\ch7\AgentApplication\AiSeckillApplication\src\test\resources
[INFO] 
[INFO] --- maven-compiler-plugin:3.11.0:testCompile (default-testCompile) @ ai-seckill ---
[INFO] Nothing to compile - all classes are up to date
[INFO] 
[INFO] <<< spring-boot-maven-plugin:3.2.5:run (default-cli) < test-compile @ ai-seckill <<<
[INFO] 
[INFO] 
[INFO] --- spring-boot-maven-plugin:3.2.5:run (default-cli) @ ai-seckill ---
[INFO] Attaching agents: []

  .   ____          _            __ _ _
 /\\ / ___'_ __ _ _(_)_ __  __ _ \ \ \ \
( ( )\___ | '_ | '_| | '_ \/ _` | \ \ \ \
 \\/  ___)| |_)| | | | | || (_| |  ) ) ) )
  '  |____| .__|_| |_|_| |_\__, | / / / /
 =========|_|==============|___/=/_/_/_/
 :: Spring Boot ::                (v3.2.5)

2026-04-19T16:55:26.528+08:00  INFO 8764 --- [AiSeckillApplication] [           main] c.e.aiseckill.AiSeckillApplication       : Starting AiSeckillApplication using Java 21.0.2 with PID 8764 (D:\ch7\AgentApplication\AiSeckillApplication\target\classes started by lian in D:\ch7\AgentApplication\AiSeckillApplication)
2026-04-19T16:55:26.530+08:00  INFO 8764 --- [AiSeckillApplication] [           main] c.e.aiseckill.AiSeckillApplication       : No active profile set, falling back to 1 default profile: "default"
2026-04-19T16:55:26.901+08:00  INFO 8764 --- [AiSeckillApplication] [           main] .s.d.r.c.RepositoryConfigurationDelegate : Multiple Spring Data modules found, entering strict repository configuration mode
2026-04-19T16:55:26.904+08:00  INFO 8764 --- [AiSeckillApplication] [           main] .s.d.r.c.RepositoryConfigurationDelegate : Bootstrapping Spring Data Redis repositories in DEFAULT mode.
2026-04-19T16:55:26.924+08:00  INFO 8764 --- [AiSeckillApplication] [           main] .s.d.r.c.RepositoryConfigurationDelegate : Finished Spring Data repository scanning in 8 ms. Found 0 Redis repository interfaces.
2026-04-19T16:55:27.219+08:00  INFO 8764 --- [AiSeckillApplication] [           main] o.s.b.w.embedded.tomcat.TomcatWebServer  : Tomcat initialized with port 8080 (http)
2026-04-19T16:55:27.230+08:00  INFO 8764 --- [AiSeckillApplication] [           main] o.apache.catalina.core.StandardService   : Starting service [Tomcat]
2026-04-19T16:55:27.230+08:00  INFO 8764 --- [AiSeckillApplication] [           main] o.apache.catalina.core.StandardEngine    : Starting Servlet engine: [Apache Tomcat/10.1.20]
2026-04-19T16:55:27.270+08:00  INFO 8764 --- [AiSeckillApplication] [           main] o.a.c.c.C.[Tomcat].[localhost].[/]       : Initializing Spring embedded WebApplicationContext
2026-04-19T16:55:27.272+08:00  INFO 8764 --- [AiSeckillApplication] [           main] w.s.c.ServletWebServerApplicationContext : Root WebApplicationContext: initialization completed in 705 ms
2026-04-19T16:55:27.810+08:00  WARN 8764 --- [AiSeckillApplication] [           main] c.e.aiseckill.service.RedisStockService  : Redis不可用，使用内存模式: Unable to connect to Redis
2026-04-19T16:55:28.147+08:00  WARN 8764 --- [AiSeckillApplication] [           main] ConfigServletWebServerApplicationContext : Exception encountered during context initialization - cancelling refresh attempt: org.springframework.context.ApplicationContextException: Failed to start bean 'webServerStartStop'
2026-04-19T16:55:28.167+08:00  INFO 8764 --- [AiSeckillApplication] [           main] .s.b.a.l.ConditionEvaluationReportLogger : 

Error starting ApplicationContext. To display the condition evaluation report re-run your application with 'debug' enabled.
2026-04-19T16:55:28.179+08:00 ERROR 8764 --- [AiSeckillApplication] [           main] o.s.b.d.LoggingFailureAnalysisReporter   : 

***************************
APPLICATION FAILED TO START
***************************

Description:

Web server failed to start. Port 8080 was already in use.

Action:

Identify and stop the process that's listening on port 8080 or configure this application to listen on another port.

[INFO] ------------------------------------------------------------------------
[INFO] BUILD FAILURE
[INFO] ------------------------------------------------------------------------
[INFO] Total time:  5.372 s
[INFO] Finished at: 2026-04-19T16:55:29+08:00
[INFO] ------------------------------------------------------------------------
[ERROR] Failed to execute goal org.springframework.boot:spring-boot-maven-plugin:3.2.5:run (default-cli) on project ai-seckill: Process terminated with exit code: 1 -> [Help 1]
[ERROR] 
[ERROR] To see the full stack trace of the errors, re-run Maven with the -e switch.
[ERROR] Re-run Maven using the -X switch to enable full debug logging.
[ERROR] 
[ERROR] For more information about the errors and possible solutions, please read the following articles:
[ERROR] [Help 1] http://cwiki.apache.org/confluence/display/MAVEN/MojoExecutionException
